<?xml version="1.0" encoding="UTF-8"?>
<!-- Generated by org.testng.reporters.JUnitReportReporter -->
<testsuite hostname="DESKTOP-ROTNS9N" failures="0" tests="1" name="Tests.AccountPageTest" time="11.763" errors="0" timestamp="18 Dec. 2023 19:01:30 GMT" skipped="0">
  <testcase classname="Tests.AccountPageTest" name="AccountPageTest" time="11.763"/>
</testsuite> <!-- Tests.AccountPageTest -->
