<?xml version="1.0" encoding="UTF-8"?>
<!-- Generated by org.testng.reporters.JUnitReportReporter -->
<testsuite hostname="DESKTOP-ROTNS9N" failures="0" tests="1" name="Tests.OpenwebsiteTest" time="0.006" errors="0" timestamp="11 Dec. 2023 18:30:48 GMT" skipped="0">
  <testcase classname="Tests.OpenwebsiteTest" name="OpenwebsiteTest" time="0.006"/>
</testsuite> <!-- Tests.OpenwebsiteTest -->
