<?xml version="1.0" encoding="UTF-8"?>
<!-- Generated by org.testng.reporters.JUnitReportReporter -->
<testsuite hostname="DESKTOP-ROTNS9N" failures="0" tests="12" name="tests.AddToCartTest" time="0.012" errors="1" timestamp="2024-02-04T13:19:47 MST" skipped="11">
  <testcase classname="tests.AddToCartTest" name="FirstBookHover" time="0.004">
    <skipped/>
  </testcase> <!-- FirstBookHover -->
  <testcase classname="tests.AddToCartTest" name="Parent" time="0.007">
    <error type="java.lang.NullPointerException">
      <![CDATA[java.lang.NullPointerException
at tests.AddToCartTest.Parent(AddToCartTest.java:25)
at java.base/jdk.internal.reflect.NativeMethodAccessorImpl.invoke0(Native Method)
at java.base/jdk.internal.reflect.NativeMethodAccessorImpl.invoke(NativeMethodAccessorImpl.java:62)
at java.base/jdk.internal.reflect.DelegatingMethodAccessorImpl.invoke(DelegatingMethodAccessorImpl.java:43)
at java.base/java.lang.reflect.Method.invoke(Method.java:566)
at org.testng.internal.invokers.MethodInvocationHelper.invokeMethod(MethodInvocationHelper.java:139)
at org.testng.internal.invokers.MethodInvocationHelper.invokeMethodConsideringTimeout(MethodInvocationHelper.java:69)
at org.testng.internal.invokers.ConfigInvoker.invokeConfigurationMethod(ConfigInvoker.java:393)
at org.testng.internal.invokers.ConfigInvoker.invokeConfigurations(ConfigInvoker.java:326)
at org.testng.internal.invokers.TestMethodWorker.invokeBeforeClassMethods(TestMethodWorker.java:180)
at org.testng.internal.invokers.TestMethodWorker.run(TestMethodWorker.java:122)
at java.base/java.util.ArrayList.forEach(ArrayList.java:1541)
at org.testng.TestRunner.privateRun(TestRunner.java:819)
at org.testng.TestRunner.run(TestRunner.java:619)
at org.testng.SuiteRunner.runTest(SuiteRunner.java:443)
at org.testng.SuiteRunner.runSequentially(SuiteRunner.java:437)
at org.testng.SuiteRunner.privateRun(SuiteRunner.java:397)
at org.testng.SuiteRunner.run(SuiteRunner.java:336)
at org.testng.SuiteRunnerWorker.runSuite(SuiteRunnerWorker.java:52)
at org.testng.SuiteRunnerWorker.run(SuiteRunnerWorker.java:95)
at org.testng.TestNG.runSuitesSequentially(TestNG.java:1301)
at org.testng.TestNG.runSuitesLocally(TestNG.java:1228)
at org.testng.TestNG.runSuites(TestNG.java:1134)
at org.testng.TestNG.run(TestNG.java:1101)
at org.testng.remote.AbstractRemoteTestNG.run(AbstractRemoteTestNG.java:115)
at org.testng.remote.RemoteTestNG.initAndRun(RemoteTestNG.java:251)
at org.testng.remote.RemoteTestNG.main(RemoteTestNG.java:77)
]]>
    </error>
  </testcase> <!-- Parent -->
  <testcase classname="tests.AddToCartTest" name="FirstBookInAddToCart" time="0.000">
    <skipped/>
  </testcase> <!-- FirstBookInAddToCart -->
  <testcase classname="tests.AddToCartTest" name="SecondBookHover" time="0.000">
    <skipped/>
  </testcase> <!-- SecondBookHover -->
  <testcase classname="tests.AddToCartTest" name="SecondBookInAddToCart" time="0.000">
    <skipped/>
  </testcase> <!-- SecondBookInAddToCart -->
  <testcase classname="tests.AddToCartTest" name="ThirdBookHover" time="0.000">
    <skipped/>
  </testcase> <!-- ThirdBookHover -->
  <testcase classname="tests.AddToCartTest" name="ThirdBookInAddToCart" time="0.000">
    <skipped/>
  </testcase> <!-- ThirdBookInAddToCart -->
  <testcase classname="tests.AddToCartTest" name="ClickOnCartIcon" time="0.001">
    <skipped/>
  </testcase> <!-- ClickOnCartIcon -->
  <testcase classname="tests.AddToCartTest" name="RemoveFirstElement" time="0.000">
    <skipped/>
  </testcase> <!-- RemoveFirstElement -->
  <testcase classname="tests.AddToCartTest" name="ConfirmRemoveElementByYes" time="0.000">
    <skipped/>
  </testcase> <!-- ConfirmRemoveElementByYes -->
  <testcase classname="tests.AddToCartTest" name="UndoTheRemoveBook" time="0.000">
    <skipped/>
  </testcase> <!-- UndoTheRemoveBook -->
  <testcase classname="tests.AddToCartTest" name="ClickOnPaceOrderButton" time="0.000">
    <skipped/>
  </testcase> <!-- ClickOnPaceOrderButton -->
</testsuite> <!-- tests.AddToCartTest -->
