<?xml version="1.0" encoding="UTF-8"?>
<!-- Generated by org.testng.reporters.JUnitReportReporter -->
<testsuite hostname="DESKTOP-ROTNS9N" failures="0" tests="1" name="tests.AdminPageTest" time="11.360" errors="0" timestamp="08 Nov. 2023 00:10:38 GMT" skipped="0">
  <testcase classname="tests.AdminPageTest" name="LoginTest" time="11.360"/>
</testsuite> <!-- tests.AdminPageTest -->
