<?xml version="1.0" encoding="UTF-8"?>
<!-- Generated by org.testng.reporters.JUnitReportReporter -->
<testsuite hostname="DESKTOP-ROTNS9N" failures="0" tests="1" name="enam.webautomation.OpenBrowser" time="12.907" errors="0" timestamp="31 Oct. 2023 15:47:14 GMT" skipped="0">
  <testcase classname="enam.webautomation.OpenBrowser" name="openurl" time="12.907"/>
</testsuite> <!-- enam.webautomation.OpenBrowser -->
