<?xml version="1.0" encoding="UTF-8"?>
<!-- Generated by org.testng.reporters.JUnitReportReporter -->
<testsuite hostname="DESKTOP-ROTNS9N" failures="0" tests="1" name="tests.LoginTest" time="11.415" errors="0" timestamp="10 Nov. 2023 04:38:09 GMT" skipped="0">
  <testcase classname="tests.LoginTest" name="LoginTest" time="11.415"/>
</testsuite> <!-- tests.LoginTest -->
