<?xml version="1.0" encoding="UTF-8"?>
<!-- Generated by org.testng.reporters.JUnitReportReporter -->
<testsuite hostname="DESKTOP-ROTNS9N" failures="0" tests="1" name="tests.DashboradTest" time="11.400" errors="0" timestamp="10 Nov. 2023 02:02:20 GMT" skipped="0">
  <testcase classname="tests.DashboradTest" name="LoginTest" time="11.400"/>
</testsuite> <!-- tests.DashboradTest -->
