<?xml version="1.0" encoding="UTF-8"?>
<!-- Generated by org.testng.reporters.JUnitReportReporter -->
<testsuite hostname="DESKTOP-ROTNS9N" failures="0" tests="2" name="tests.DashboardPage$DashboradTest" time="11.495" errors="0" timestamp="10 Nov. 2023 02:47:06 GMT" skipped="0">
  <testcase classname="tests.DashboardPage$DashboradTest" name="DashboardTest" time="0.005"/>
  <testcase classname="tests.DashboardPage$DashboradTest" name="LoginTest" time="11.490"/>
</testsuite> <!-- tests.DashboardPage$DashboradTest -->
